[2026-03-12T14:40:55.824+0000] {local_task_job_runner.py:120} INFO - ::group::Pre task execution logs
[2026-03-12T14:40:55.847+0000] {taskinstance.py:2076} INFO - Dependencies all met for dep_context=non-requeueable deps ti=<TaskInstance: docker_etl_job.execute_etl manual__2026-03-12T14:40:53.205293+00:00 [queued]>
[2026-03-12T14:40:55.851+0000] {taskinstance.py:2076} INFO - Dependencies all met for dep_context=requeueable deps ti=<TaskInstance: docker_etl_job.execute_etl manual__2026-03-12T14:40:53.205293+00:00 [queued]>
[2026-03-12T14:40:55.852+0000] {taskinstance.py:2306} INFO - Starting attempt 1 of 1
[2026-03-12T14:40:55.863+0000] {taskinstance.py:2330} INFO - Executing <Task(DockerOperator): execute_etl> on 2026-03-12 14:40:53.205293+00:00
[2026-03-12T14:40:55.875+0000] {warnings.py:112} WARNING - /home/***/.local/lib/python3.12/site-packages/***/task/task_runner/standard_task_runner.py:61: DeprecationWarning: This process (pid=1778) is multi-threaded, use of fork() may lead to deadlocks in the child.
  pid = os.fork()

[2026-03-12T14:40:55.877+0000] {standard_task_runner.py:63} INFO - Started process 1779 to run task
[2026-03-12T14:40:55.881+0000] {standard_task_runner.py:90} INFO - Running: ['***', 'tasks', 'run', 'docker_etl_job', 'execute_etl', 'manual__2026-03-12T14:40:53.205293+00:00', '--job-id', '33', '--raw', '--subdir', 'DAGS_FOLDER/run_etl_dag.py', '--cfg-path', '/tmp/tmpmg01vnie']
[2026-03-12T14:40:55.883+0000] {standard_task_runner.py:91} INFO - Job 33: Subtask execute_etl
[2026-03-12T14:40:55.912+0000] {task_command.py:426} INFO - Running <TaskInstance: docker_etl_job.execute_etl manual__2026-03-12T14:40:53.205293+00:00 [running]> on host 65b0face19aa
[2026-03-12T14:40:55.959+0000] {taskinstance.py:2648} INFO - Exporting env vars: AIRFLOW_CTX_DAG_OWNER='***' AIRFLOW_CTX_DAG_ID='docker_etl_job' AIRFLOW_CTX_TASK_ID='execute_etl' AIRFLOW_CTX_EXECUTION_DATE='2026-03-12T14:40:53.205293+00:00' AIRFLOW_CTX_TRY_NUMBER='1' AIRFLOW_CTX_DAG_RUN_ID='manual__2026-03-12T14:40:53.205293+00:00'
[2026-03-12T14:40:55.960+0000] {taskinstance.py:430} INFO - ::endgroup::
[2026-03-12T14:40:56.064+0000] {docker.py:366} INFO - Starting docker container from image my_etl_image:latest
[2026-03-12T14:40:56.088+0000] {docker.py:374} WARNING - Using remote engine or docker-in-docker and mounting temporary volume from host is not supported. Falling back to `mount_tmp_dir=False` mode. You can set `mount_tmp_dir` parameter to False to disable mounting and remove the warning
[2026-03-12T14:40:57.389+0000] {docker.py:436} INFO - Ждем пока Kafka запустится...
[2026-03-12T14:41:12.453+0000] {docker.py:436} INFO - ✅ Подключение к Mongo и Kafka установлено
[2026-03-12T14:41:12.458+0000] {docker.py:436} INFO - 🚀 Начинаю отправку коллекции: customers
[2026-03-12T14:41:12.579+0000] {docker.py:436} INFO - --- Завершено: customers. Отправлено документов: 45
[2026-03-12T14:41:12.580+0000] {docker.py:436} INFO - 🚀 Начинаю отправку коллекции: products
[2026-03-12T14:41:12.687+0000] {docker.py:436} INFO - --- Завершено: products. Отправлено документов: 100
🚀 Начинаю отправку коллекции: stores
[2026-03-12T14:41:12.788+0000] {docker.py:436} INFO - --- Завершено: stores. Отправлено документов: 45
[2026-03-12T14:41:12.789+0000] {docker.py:436} INFO - 🚀 Начинаю отправку коллекции: purchases
[2026-03-12T14:41:12.946+0000] {docker.py:436} INFO - --- Завершено: purchases. Отправлено документов: 200

🎯 Миграция окончена! Всего сообщений в Kafka: 390
[2026-03-12T14:41:14.194+0000] {taskinstance.py:441} INFO - ::group::Post task execution logs
[2026-03-12T14:41:14.244+0000] {taskinstance.py:1206} INFO - Marking task as SUCCESS. dag_id=docker_etl_job, task_id=execute_etl, run_id=manual__2026-03-12T14:40:53.205293+00:00, execution_date=20260312T144053, start_date=20260312T144055, end_date=20260312T144114
[2026-03-12T14:41:14.311+0000] {local_task_job_runner.py:240} INFO - Task exited with return code 0
[2026-03-12T14:41:14.351+0000] {taskinstance.py:3503} INFO - 0 downstream tasks scheduled from follow-on schedule check
[2026-03-12T14:41:14.353+0000] {local_task_job_runner.py:222} INFO - ::endgroup::
