[2026-03-15T05:58:08.284+0000] {local_task_job_runner.py:120} INFO - ::group::Pre task execution logs
[2026-03-15T05:58:08.307+0000] {taskinstance.py:2076} INFO - Dependencies all met for dep_context=non-requeueable deps ti=<TaskInstance: docker_etl_job.execute_etl scheduled__2026-03-12T00:00:00+00:00 [queued]>
[2026-03-15T05:58:08.313+0000] {taskinstance.py:2076} INFO - Dependencies all met for dep_context=requeueable deps ti=<TaskInstance: docker_etl_job.execute_etl scheduled__2026-03-12T00:00:00+00:00 [queued]>
[2026-03-15T05:58:08.314+0000] {taskinstance.py:2306} INFO - Starting attempt 1 of 1
[2026-03-15T05:58:08.321+0000] {taskinstance.py:2330} INFO - Executing <Task(DockerOperator): execute_etl> on 2026-03-12 00:00:00+00:00
[2026-03-15T05:58:08.325+0000] {warnings.py:112} WARNING - /home/***/.local/lib/python3.12/site-packages/***/task/task_runner/standard_task_runner.py:61: DeprecationWarning: This process (pid=60) is multi-threaded, use of fork() may lead to deadlocks in the child.
  pid = os.fork()

[2026-03-15T05:58:08.326+0000] {standard_task_runner.py:63} INFO - Started process 61 to run task
[2026-03-15T05:58:08.327+0000] {standard_task_runner.py:90} INFO - Running: ['***', 'tasks', 'run', 'docker_etl_job', 'execute_etl', 'scheduled__2026-03-12T00:00:00+00:00', '--job-id', '35', '--raw', '--subdir', 'DAGS_FOLDER/run_etl_dag.py', '--cfg-path', '/tmp/tmphd8jfqrn']
[2026-03-15T05:58:08.328+0000] {standard_task_runner.py:91} INFO - Job 35: Subtask execute_etl
[2026-03-15T05:58:08.362+0000] {task_command.py:426} INFO - Running <TaskInstance: docker_etl_job.execute_etl scheduled__2026-03-12T00:00:00+00:00 [running]> on host 65b0face19aa
[2026-03-15T05:58:08.429+0000] {taskinstance.py:2648} INFO - Exporting env vars: AIRFLOW_CTX_DAG_OWNER='***' AIRFLOW_CTX_DAG_ID='docker_etl_job' AIRFLOW_CTX_TASK_ID='execute_etl' AIRFLOW_CTX_EXECUTION_DATE='2026-03-12T00:00:00+00:00' AIRFLOW_CTX_TRY_NUMBER='1' AIRFLOW_CTX_DAG_RUN_ID='scheduled__2026-03-12T00:00:00+00:00'
[2026-03-15T05:58:08.431+0000] {taskinstance.py:430} INFO - ::endgroup::
[2026-03-15T05:58:08.769+0000] {docker.py:366} INFO - Starting docker container from image my_etl_image:latest
[2026-03-15T05:58:08.785+0000] {docker.py:374} WARNING - Using remote engine or docker-in-docker and mounting temporary volume from host is not supported. Falling back to `mount_tmp_dir=False` mode. You can set `mount_tmp_dir` parameter to False to disable mounting and remove the warning
[2026-03-15T05:58:09.794+0000] {docker.py:436} INFO - Ждем пока Kafka запустится...
[2026-03-15T05:58:26.817+0000] {docker.py:436} INFO - ❌ Ошибка подключения: NoBrokersAvailable
[2026-03-15T05:58:27.166+0000] {taskinstance.py:441} INFO - ::group::Post task execution logs
[2026-03-15T05:58:27.186+0000] {taskinstance.py:1206} INFO - Marking task as SUCCESS. dag_id=docker_etl_job, task_id=execute_etl, run_id=scheduled__2026-03-12T00:00:00+00:00, execution_date=20260312T000000, start_date=20260315T055808, end_date=20260315T055827
[2026-03-15T05:58:27.214+0000] {local_task_job_runner.py:240} INFO - Task exited with return code 0
[2026-03-15T05:58:27.229+0000] {taskinstance.py:3503} INFO - 0 downstream tasks scheduled from follow-on schedule check
[2026-03-15T05:58:27.230+0000] {local_task_job_runner.py:222} INFO - ::endgroup::
