[2026-03-04T23:39:07.551+0000] {processor.py:161} INFO - Started process (PID=48) to work on /opt/airflow/dags/run_etl_dag.py
[2026-03-04T23:39:07.552+0000] {processor.py:830} INFO - Processing file /opt/airflow/dags/run_etl_dag.py for tasks to queue
[2026-03-04T23:39:07.556+0000] {logging_mixin.py:188} INFO - [2026-03-04T23:39:07.556+0000] {dagbag.py:545} INFO - Filling up the DagBag from /opt/airflow/dags/run_etl_dag.py
[2026-03-04T23:39:07.586+0000] {processor.py:840} INFO - DAG(s) 'docker_etl_job' retrieved from /opt/airflow/dags/run_etl_dag.py
[2026-03-04T23:39:07.665+0000] {logging_mixin.py:188} INFO - [2026-03-04T23:39:07.665+0000] {dag.py:3096} INFO - Sync 1 DAGs
[2026-03-04T23:39:07.739+0000] {logging_mixin.py:188} INFO - [2026-03-04T23:39:07.738+0000] {dag.py:3954} INFO - Setting next_dagrun for docker_etl_job to 2026-03-04 00:00:00+00:00, run_after=2026-03-05 00:00:00+00:00
[2026-03-04T23:39:07.775+0000] {processor.py:183} INFO - Processing /opt/airflow/dags/run_etl_dag.py took 0.232 seconds
[2026-03-04T23:39:37.953+0000] {processor.py:161} INFO - Started process (PID=56) to work on /opt/airflow/dags/run_etl_dag.py
[2026-03-04T23:39:37.954+0000] {processor.py:830} INFO - Processing file /opt/airflow/dags/run_etl_dag.py for tasks to queue
[2026-03-04T23:39:37.957+0000] {logging_mixin.py:188} INFO - [2026-03-04T23:39:37.955+0000] {dagbag.py:545} INFO - Filling up the DagBag from /opt/airflow/dags/run_etl_dag.py
[2026-03-04T23:39:37.992+0000] {processor.py:840} INFO - DAG(s) 'docker_etl_job' retrieved from /opt/airflow/dags/run_etl_dag.py
[2026-03-04T23:39:38.024+0000] {logging_mixin.py:188} INFO - [2026-03-04T23:39:38.024+0000] {dag.py:3096} INFO - Sync 1 DAGs
[2026-03-04T23:39:38.070+0000] {logging_mixin.py:188} INFO - [2026-03-04T23:39:38.070+0000] {dag.py:3954} INFO - Setting next_dagrun for docker_etl_job to 2026-03-04 00:00:00+00:00, run_after=2026-03-05 00:00:00+00:00
[2026-03-04T23:39:38.095+0000] {processor.py:183} INFO - Processing /opt/airflow/dags/run_etl_dag.py took 0.146 seconds
[2026-03-04T23:40:08.256+0000] {processor.py:161} INFO - Started process (PID=64) to work on /opt/airflow/dags/run_etl_dag.py
[2026-03-04T23:40:08.260+0000] {processor.py:830} INFO - Processing file /opt/airflow/dags/run_etl_dag.py for tasks to queue
[2026-03-04T23:40:08.266+0000] {logging_mixin.py:188} INFO - [2026-03-04T23:40:08.266+0000] {dagbag.py:545} INFO - Filling up the DagBag from /opt/airflow/dags/run_etl_dag.py
[2026-03-04T23:40:08.279+0000] {processor.py:840} INFO - DAG(s) 'docker_etl_job' retrieved from /opt/airflow/dags/run_etl_dag.py
[2026-03-04T23:40:08.301+0000] {logging_mixin.py:188} INFO - [2026-03-04T23:40:08.300+0000] {dag.py:3096} INFO - Sync 1 DAGs
[2026-03-04T23:40:08.323+0000] {logging_mixin.py:188} INFO - [2026-03-04T23:40:08.323+0000] {dag.py:3954} INFO - Setting next_dagrun for docker_etl_job to 2026-03-04 00:00:00+00:00, run_after=2026-03-05 00:00:00+00:00
[2026-03-04T23:40:08.332+0000] {processor.py:183} INFO - Processing /opt/airflow/dags/run_etl_dag.py took 0.086 seconds
[2026-03-04T23:40:38.420+0000] {processor.py:161} INFO - Started process (PID=72) to work on /opt/airflow/dags/run_etl_dag.py
[2026-03-04T23:40:38.422+0000] {processor.py:830} INFO - Processing file /opt/airflow/dags/run_etl_dag.py for tasks to queue
[2026-03-04T23:40:38.428+0000] {logging_mixin.py:188} INFO - [2026-03-04T23:40:38.427+0000] {dagbag.py:545} INFO - Filling up the DagBag from /opt/airflow/dags/run_etl_dag.py
[2026-03-04T23:40:38.443+0000] {processor.py:840} INFO - DAG(s) 'docker_etl_job' retrieved from /opt/airflow/dags/run_etl_dag.py
[2026-03-04T23:40:38.462+0000] {logging_mixin.py:188} INFO - [2026-03-04T23:40:38.462+0000] {dag.py:3096} INFO - Sync 1 DAGs
[2026-03-04T23:40:38.477+0000] {logging_mixin.py:188} INFO - [2026-03-04T23:40:38.477+0000] {dag.py:3954} INFO - Setting next_dagrun for docker_etl_job to 2026-03-04 00:00:00+00:00, run_after=2026-03-05 00:00:00+00:00
[2026-03-04T23:40:38.486+0000] {processor.py:183} INFO - Processing /opt/airflow/dags/run_etl_dag.py took 0.071 seconds
[2026-03-04T23:41:08.639+0000] {processor.py:161} INFO - Started process (PID=80) to work on /opt/airflow/dags/run_etl_dag.py
[2026-03-04T23:41:08.640+0000] {processor.py:830} INFO - Processing file /opt/airflow/dags/run_etl_dag.py for tasks to queue
[2026-03-04T23:41:08.641+0000] {logging_mixin.py:188} INFO - [2026-03-04T23:41:08.641+0000] {dagbag.py:545} INFO - Filling up the DagBag from /opt/airflow/dags/run_etl_dag.py
[2026-03-04T23:41:08.658+0000] {processor.py:840} INFO - DAG(s) 'docker_etl_job' retrieved from /opt/airflow/dags/run_etl_dag.py
[2026-03-04T23:41:08.674+0000] {logging_mixin.py:188} INFO - [2026-03-04T23:41:08.674+0000] {dag.py:3096} INFO - Sync 1 DAGs
[2026-03-04T23:41:08.686+0000] {logging_mixin.py:188} INFO - [2026-03-04T23:41:08.685+0000] {dag.py:3954} INFO - Setting next_dagrun for docker_etl_job to 2026-03-04 00:00:00+00:00, run_after=2026-03-05 00:00:00+00:00
[2026-03-04T23:41:08.694+0000] {processor.py:183} INFO - Processing /opt/airflow/dags/run_etl_dag.py took 0.059 seconds
[2026-03-04T23:41:38.797+0000] {processor.py:161} INFO - Started process (PID=88) to work on /opt/airflow/dags/run_etl_dag.py
[2026-03-04T23:41:38.798+0000] {processor.py:830} INFO - Processing file /opt/airflow/dags/run_etl_dag.py for tasks to queue
[2026-03-04T23:41:38.799+0000] {logging_mixin.py:188} INFO - [2026-03-04T23:41:38.798+0000] {dagbag.py:545} INFO - Filling up the DagBag from /opt/airflow/dags/run_etl_dag.py
[2026-03-04T23:41:38.805+0000] {processor.py:840} INFO - DAG(s) 'docker_etl_job' retrieved from /opt/airflow/dags/run_etl_dag.py
[2026-03-04T23:41:38.818+0000] {logging_mixin.py:188} INFO - [2026-03-04T23:41:38.818+0000] {dag.py:3096} INFO - Sync 1 DAGs
[2026-03-04T23:41:38.831+0000] {logging_mixin.py:188} INFO - [2026-03-04T23:41:38.830+0000] {dag.py:3954} INFO - Setting next_dagrun for docker_etl_job to 2026-03-04 00:00:00+00:00, run_after=2026-03-05 00:00:00+00:00
[2026-03-04T23:41:38.837+0000] {processor.py:183} INFO - Processing /opt/airflow/dags/run_etl_dag.py took 0.045 seconds
[2026-03-04T23:42:08.996+0000] {processor.py:161} INFO - Started process (PID=96) to work on /opt/airflow/dags/run_etl_dag.py
[2026-03-04T23:42:08.997+0000] {processor.py:830} INFO - Processing file /opt/airflow/dags/run_etl_dag.py for tasks to queue
[2026-03-04T23:42:08.998+0000] {logging_mixin.py:188} INFO - [2026-03-04T23:42:08.997+0000] {dagbag.py:545} INFO - Filling up the DagBag from /opt/airflow/dags/run_etl_dag.py
[2026-03-04T23:42:09.011+0000] {processor.py:840} INFO - DAG(s) 'docker_etl_job' retrieved from /opt/airflow/dags/run_etl_dag.py
[2026-03-04T23:42:09.026+0000] {logging_mixin.py:188} INFO - [2026-03-04T23:42:09.026+0000] {dag.py:3096} INFO - Sync 1 DAGs
[2026-03-04T23:42:09.036+0000] {logging_mixin.py:188} INFO - [2026-03-04T23:42:09.036+0000] {dag.py:3954} INFO - Setting next_dagrun for docker_etl_job to 2026-03-04 00:00:00+00:00, run_after=2026-03-05 00:00:00+00:00
[2026-03-04T23:42:09.042+0000] {processor.py:183} INFO - Processing /opt/airflow/dags/run_etl_dag.py took 0.050 seconds
[2026-03-04T23:42:39.166+0000] {processor.py:161} INFO - Started process (PID=104) to work on /opt/airflow/dags/run_etl_dag.py
[2026-03-04T23:42:39.166+0000] {processor.py:830} INFO - Processing file /opt/airflow/dags/run_etl_dag.py for tasks to queue
[2026-03-04T23:42:39.168+0000] {logging_mixin.py:188} INFO - [2026-03-04T23:42:39.168+0000] {dagbag.py:545} INFO - Filling up the DagBag from /opt/airflow/dags/run_etl_dag.py
[2026-03-04T23:42:39.177+0000] {processor.py:840} INFO - DAG(s) 'docker_etl_job' retrieved from /opt/airflow/dags/run_etl_dag.py
[2026-03-04T23:42:39.192+0000] {logging_mixin.py:188} INFO - [2026-03-04T23:42:39.192+0000] {dag.py:3096} INFO - Sync 1 DAGs
[2026-03-04T23:42:39.204+0000] {logging_mixin.py:188} INFO - [2026-03-04T23:42:39.204+0000] {dag.py:3954} INFO - Setting next_dagrun for docker_etl_job to 2026-03-04 00:00:00+00:00, run_after=2026-03-05 00:00:00+00:00
[2026-03-04T23:42:39.213+0000] {processor.py:183} INFO - Processing /opt/airflow/dags/run_etl_dag.py took 0.052 seconds
[2026-03-04T23:43:09.328+0000] {processor.py:161} INFO - Started process (PID=112) to work on /opt/airflow/dags/run_etl_dag.py
[2026-03-04T23:43:09.328+0000] {processor.py:830} INFO - Processing file /opt/airflow/dags/run_etl_dag.py for tasks to queue
[2026-03-04T23:43:09.330+0000] {logging_mixin.py:188} INFO - [2026-03-04T23:43:09.329+0000] {dagbag.py:545} INFO - Filling up the DagBag from /opt/airflow/dags/run_etl_dag.py
[2026-03-04T23:43:09.341+0000] {processor.py:840} INFO - DAG(s) 'docker_etl_job' retrieved from /opt/airflow/dags/run_etl_dag.py
[2026-03-04T23:43:09.357+0000] {logging_mixin.py:188} INFO - [2026-03-04T23:43:09.357+0000] {dag.py:3096} INFO - Sync 1 DAGs
[2026-03-04T23:43:09.376+0000] {logging_mixin.py:188} INFO - [2026-03-04T23:43:09.376+0000] {dag.py:3954} INFO - Setting next_dagrun for docker_etl_job to 2026-03-04 00:00:00+00:00, run_after=2026-03-05 00:00:00+00:00
[2026-03-04T23:43:09.384+0000] {processor.py:183} INFO - Processing /opt/airflow/dags/run_etl_dag.py took 0.061 seconds
[2026-03-04T23:43:39.506+0000] {processor.py:161} INFO - Started process (PID=120) to work on /opt/airflow/dags/run_etl_dag.py
[2026-03-04T23:43:39.507+0000] {processor.py:830} INFO - Processing file /opt/airflow/dags/run_etl_dag.py for tasks to queue
[2026-03-04T23:43:39.508+0000] {logging_mixin.py:188} INFO - [2026-03-04T23:43:39.508+0000] {dagbag.py:545} INFO - Filling up the DagBag from /opt/airflow/dags/run_etl_dag.py
[2026-03-04T23:43:39.514+0000] {processor.py:840} INFO - DAG(s) 'docker_etl_job' retrieved from /opt/airflow/dags/run_etl_dag.py
[2026-03-04T23:43:39.528+0000] {logging_mixin.py:188} INFO - [2026-03-04T23:43:39.527+0000] {dag.py:3096} INFO - Sync 1 DAGs
[2026-03-04T23:43:39.537+0000] {logging_mixin.py:188} INFO - [2026-03-04T23:43:39.537+0000] {dag.py:3954} INFO - Setting next_dagrun for docker_etl_job to 2026-03-04 00:00:00+00:00, run_after=2026-03-05 00:00:00+00:00
[2026-03-04T23:43:39.543+0000] {processor.py:183} INFO - Processing /opt/airflow/dags/run_etl_dag.py took 0.041 seconds
[2026-03-04T23:44:09.714+0000] {processor.py:161} INFO - Started process (PID=127) to work on /opt/airflow/dags/run_etl_dag.py
[2026-03-04T23:44:09.715+0000] {processor.py:830} INFO - Processing file /opt/airflow/dags/run_etl_dag.py for tasks to queue
[2026-03-04T23:44:09.717+0000] {logging_mixin.py:188} INFO - [2026-03-04T23:44:09.717+0000] {dagbag.py:545} INFO - Filling up the DagBag from /opt/airflow/dags/run_etl_dag.py
[2026-03-04T23:44:09.725+0000] {processor.py:840} INFO - DAG(s) 'docker_etl_job' retrieved from /opt/airflow/dags/run_etl_dag.py
[2026-03-04T23:44:09.739+0000] {logging_mixin.py:188} INFO - [2026-03-04T23:44:09.739+0000] {dag.py:3096} INFO - Sync 1 DAGs
[2026-03-04T23:44:09.749+0000] {logging_mixin.py:188} INFO - [2026-03-04T23:44:09.749+0000] {dag.py:3954} INFO - Setting next_dagrun for docker_etl_job to 2026-03-04 00:00:00+00:00, run_after=2026-03-05 00:00:00+00:00
[2026-03-04T23:44:09.756+0000] {processor.py:183} INFO - Processing /opt/airflow/dags/run_etl_dag.py took 0.045 seconds
[2026-03-04T23:44:39.873+0000] {processor.py:161} INFO - Started process (PID=135) to work on /opt/airflow/dags/run_etl_dag.py
[2026-03-04T23:44:39.873+0000] {processor.py:830} INFO - Processing file /opt/airflow/dags/run_etl_dag.py for tasks to queue
[2026-03-04T23:44:39.875+0000] {logging_mixin.py:188} INFO - [2026-03-04T23:44:39.874+0000] {dagbag.py:545} INFO - Filling up the DagBag from /opt/airflow/dags/run_etl_dag.py
[2026-03-04T23:44:39.882+0000] {processor.py:840} INFO - DAG(s) 'docker_etl_job' retrieved from /opt/airflow/dags/run_etl_dag.py
[2026-03-04T23:44:39.895+0000] {logging_mixin.py:188} INFO - [2026-03-04T23:44:39.894+0000] {dag.py:3096} INFO - Sync 1 DAGs
[2026-03-04T23:44:39.905+0000] {logging_mixin.py:188} INFO - [2026-03-04T23:44:39.904+0000] {dag.py:3954} INFO - Setting next_dagrun for docker_etl_job to 2026-03-04 00:00:00+00:00, run_after=2026-03-05 00:00:00+00:00
[2026-03-04T23:44:39.912+0000] {processor.py:183} INFO - Processing /opt/airflow/dags/run_etl_dag.py took 0.043 seconds
[2026-03-04T23:45:10.049+0000] {processor.py:161} INFO - Started process (PID=142) to work on /opt/airflow/dags/run_etl_dag.py
[2026-03-04T23:45:10.050+0000] {processor.py:830} INFO - Processing file /opt/airflow/dags/run_etl_dag.py for tasks to queue
[2026-03-04T23:45:10.052+0000] {logging_mixin.py:188} INFO - [2026-03-04T23:45:10.051+0000] {dagbag.py:545} INFO - Filling up the DagBag from /opt/airflow/dags/run_etl_dag.py
[2026-03-04T23:45:10.061+0000] {processor.py:840} INFO - DAG(s) 'docker_etl_job' retrieved from /opt/airflow/dags/run_etl_dag.py
[2026-03-04T23:45:10.079+0000] {logging_mixin.py:188} INFO - [2026-03-04T23:45:10.079+0000] {dag.py:3096} INFO - Sync 1 DAGs
[2026-03-04T23:45:10.094+0000] {logging_mixin.py:188} INFO - [2026-03-04T23:45:10.094+0000] {dag.py:3954} INFO - Setting next_dagrun for docker_etl_job to 2026-03-04 00:00:00+00:00, run_after=2026-03-05 00:00:00+00:00
[2026-03-04T23:45:10.103+0000] {processor.py:183} INFO - Processing /opt/airflow/dags/run_etl_dag.py took 0.059 seconds
[2026-03-04T23:45:40.214+0000] {processor.py:161} INFO - Started process (PID=150) to work on /opt/airflow/dags/run_etl_dag.py
[2026-03-04T23:45:40.215+0000] {processor.py:830} INFO - Processing file /opt/airflow/dags/run_etl_dag.py for tasks to queue
[2026-03-04T23:45:40.217+0000] {logging_mixin.py:188} INFO - [2026-03-04T23:45:40.217+0000] {dagbag.py:545} INFO - Filling up the DagBag from /opt/airflow/dags/run_etl_dag.py
[2026-03-04T23:45:40.228+0000] {processor.py:840} INFO - DAG(s) 'docker_etl_job' retrieved from /opt/airflow/dags/run_etl_dag.py
[2026-03-04T23:45:40.250+0000] {logging_mixin.py:188} INFO - [2026-03-04T23:45:40.250+0000] {dag.py:3096} INFO - Sync 1 DAGs
[2026-03-04T23:45:40.267+0000] {logging_mixin.py:188} INFO - [2026-03-04T23:45:40.267+0000] {dag.py:3954} INFO - Setting next_dagrun for docker_etl_job to 2026-03-04 00:00:00+00:00, run_after=2026-03-05 00:00:00+00:00
[2026-03-04T23:45:40.277+0000] {processor.py:183} INFO - Processing /opt/airflow/dags/run_etl_dag.py took 0.068 seconds
[2026-03-04T23:46:10.398+0000] {processor.py:161} INFO - Started process (PID=158) to work on /opt/airflow/dags/run_etl_dag.py
[2026-03-04T23:46:10.399+0000] {processor.py:830} INFO - Processing file /opt/airflow/dags/run_etl_dag.py for tasks to queue
[2026-03-04T23:46:10.401+0000] {logging_mixin.py:188} INFO - [2026-03-04T23:46:10.401+0000] {dagbag.py:545} INFO - Filling up the DagBag from /opt/airflow/dags/run_etl_dag.py
[2026-03-04T23:46:10.410+0000] {processor.py:840} INFO - DAG(s) 'docker_etl_job' retrieved from /opt/airflow/dags/run_etl_dag.py
[2026-03-04T23:46:10.426+0000] {logging_mixin.py:188} INFO - [2026-03-04T23:46:10.425+0000] {dag.py:3096} INFO - Sync 1 DAGs
[2026-03-04T23:46:10.437+0000] {logging_mixin.py:188} INFO - [2026-03-04T23:46:10.437+0000] {dag.py:3954} INFO - Setting next_dagrun for docker_etl_job to 2026-03-04 00:00:00+00:00, run_after=2026-03-05 00:00:00+00:00
[2026-03-04T23:46:10.445+0000] {processor.py:183} INFO - Processing /opt/airflow/dags/run_etl_dag.py took 0.050 seconds
[2026-03-04T23:46:40.572+0000] {processor.py:161} INFO - Started process (PID=166) to work on /opt/airflow/dags/run_etl_dag.py
[2026-03-04T23:46:40.573+0000] {processor.py:830} INFO - Processing file /opt/airflow/dags/run_etl_dag.py for tasks to queue
[2026-03-04T23:46:40.574+0000] {logging_mixin.py:188} INFO - [2026-03-04T23:46:40.574+0000] {dagbag.py:545} INFO - Filling up the DagBag from /opt/airflow/dags/run_etl_dag.py
[2026-03-04T23:46:40.580+0000] {processor.py:840} INFO - DAG(s) 'docker_etl_job' retrieved from /opt/airflow/dags/run_etl_dag.py
[2026-03-04T23:46:40.594+0000] {logging_mixin.py:188} INFO - [2026-03-04T23:46:40.594+0000] {dag.py:3096} INFO - Sync 1 DAGs
[2026-03-04T23:46:40.603+0000] {logging_mixin.py:188} INFO - [2026-03-04T23:46:40.603+0000] {dag.py:3954} INFO - Setting next_dagrun for docker_etl_job to 2026-03-04 00:00:00+00:00, run_after=2026-03-05 00:00:00+00:00
[2026-03-04T23:46:40.610+0000] {processor.py:183} INFO - Processing /opt/airflow/dags/run_etl_dag.py took 0.041 seconds
[2026-03-04T23:47:10.751+0000] {processor.py:161} INFO - Started process (PID=173) to work on /opt/airflow/dags/run_etl_dag.py
[2026-03-04T23:47:10.752+0000] {processor.py:830} INFO - Processing file /opt/airflow/dags/run_etl_dag.py for tasks to queue
[2026-03-04T23:47:10.753+0000] {logging_mixin.py:188} INFO - [2026-03-04T23:47:10.753+0000] {dagbag.py:545} INFO - Filling up the DagBag from /opt/airflow/dags/run_etl_dag.py
[2026-03-04T23:47:10.762+0000] {processor.py:840} INFO - DAG(s) 'docker_etl_job' retrieved from /opt/airflow/dags/run_etl_dag.py
[2026-03-04T23:47:10.778+0000] {logging_mixin.py:188} INFO - [2026-03-04T23:47:10.778+0000] {dag.py:3096} INFO - Sync 1 DAGs
[2026-03-04T23:47:10.789+0000] {logging_mixin.py:188} INFO - [2026-03-04T23:47:10.789+0000] {dag.py:3954} INFO - Setting next_dagrun for docker_etl_job to 2026-03-04 00:00:00+00:00, run_after=2026-03-05 00:00:00+00:00
[2026-03-04T23:47:10.797+0000] {processor.py:183} INFO - Processing /opt/airflow/dags/run_etl_dag.py took 0.050 seconds
[2026-03-04T23:47:40.916+0000] {processor.py:161} INFO - Started process (PID=181) to work on /opt/airflow/dags/run_etl_dag.py
[2026-03-04T23:47:40.916+0000] {processor.py:830} INFO - Processing file /opt/airflow/dags/run_etl_dag.py for tasks to queue
[2026-03-04T23:47:40.917+0000] {logging_mixin.py:188} INFO - [2026-03-04T23:47:40.917+0000] {dagbag.py:545} INFO - Filling up the DagBag from /opt/airflow/dags/run_etl_dag.py
[2026-03-04T23:47:40.924+0000] {processor.py:840} INFO - DAG(s) 'docker_etl_job' retrieved from /opt/airflow/dags/run_etl_dag.py
[2026-03-04T23:47:40.936+0000] {logging_mixin.py:188} INFO - [2026-03-04T23:47:40.936+0000] {dag.py:3096} INFO - Sync 1 DAGs
[2026-03-04T23:47:40.945+0000] {logging_mixin.py:188} INFO - [2026-03-04T23:47:40.945+0000] {dag.py:3954} INFO - Setting next_dagrun for docker_etl_job to 2026-03-04 00:00:00+00:00, run_after=2026-03-05 00:00:00+00:00
[2026-03-04T23:47:40.952+0000] {processor.py:183} INFO - Processing /opt/airflow/dags/run_etl_dag.py took 0.040 seconds
[2026-03-04T23:48:11.115+0000] {processor.py:161} INFO - Started process (PID=189) to work on /opt/airflow/dags/run_etl_dag.py
[2026-03-04T23:48:11.116+0000] {processor.py:830} INFO - Processing file /opt/airflow/dags/run_etl_dag.py for tasks to queue
[2026-03-04T23:48:11.117+0000] {logging_mixin.py:188} INFO - [2026-03-04T23:48:11.117+0000] {dagbag.py:545} INFO - Filling up the DagBag from /opt/airflow/dags/run_etl_dag.py
[2026-03-04T23:48:11.123+0000] {processor.py:840} INFO - DAG(s) 'docker_etl_job' retrieved from /opt/airflow/dags/run_etl_dag.py
[2026-03-04T23:48:11.135+0000] {logging_mixin.py:188} INFO - [2026-03-04T23:48:11.135+0000] {dag.py:3096} INFO - Sync 1 DAGs
[2026-03-04T23:48:11.144+0000] {logging_mixin.py:188} INFO - [2026-03-04T23:48:11.144+0000] {dag.py:3954} INFO - Setting next_dagrun for docker_etl_job to 2026-03-04 00:00:00+00:00, run_after=2026-03-05 00:00:00+00:00
[2026-03-04T23:48:11.151+0000] {processor.py:183} INFO - Processing /opt/airflow/dags/run_etl_dag.py took 0.038 seconds
[2026-03-04T23:48:41.280+0000] {processor.py:161} INFO - Started process (PID=197) to work on /opt/airflow/dags/run_etl_dag.py
[2026-03-04T23:48:41.280+0000] {processor.py:830} INFO - Processing file /opt/airflow/dags/run_etl_dag.py for tasks to queue
[2026-03-04T23:48:41.282+0000] {logging_mixin.py:188} INFO - [2026-03-04T23:48:41.281+0000] {dagbag.py:545} INFO - Filling up the DagBag from /opt/airflow/dags/run_etl_dag.py
[2026-03-04T23:48:41.287+0000] {processor.py:840} INFO - DAG(s) 'docker_etl_job' retrieved from /opt/airflow/dags/run_etl_dag.py
[2026-03-04T23:48:41.299+0000] {logging_mixin.py:188} INFO - [2026-03-04T23:48:41.299+0000] {dag.py:3096} INFO - Sync 1 DAGs
[2026-03-04T23:48:41.307+0000] {logging_mixin.py:188} INFO - [2026-03-04T23:48:41.307+0000] {dag.py:3954} INFO - Setting next_dagrun for docker_etl_job to 2026-03-04 00:00:00+00:00, run_after=2026-03-05 00:00:00+00:00
[2026-03-04T23:48:41.313+0000] {processor.py:183} INFO - Processing /opt/airflow/dags/run_etl_dag.py took 0.038 seconds
[2026-03-04T23:49:11.478+0000] {processor.py:161} INFO - Started process (PID=205) to work on /opt/airflow/dags/run_etl_dag.py
[2026-03-04T23:49:11.478+0000] {processor.py:830} INFO - Processing file /opt/airflow/dags/run_etl_dag.py for tasks to queue
[2026-03-04T23:49:11.480+0000] {logging_mixin.py:188} INFO - [2026-03-04T23:49:11.479+0000] {dagbag.py:545} INFO - Filling up the DagBag from /opt/airflow/dags/run_etl_dag.py
[2026-03-04T23:49:11.498+0000] {processor.py:840} INFO - DAG(s) 'docker_etl_job' retrieved from /opt/airflow/dags/run_etl_dag.py
[2026-03-04T23:49:11.512+0000] {logging_mixin.py:188} INFO - [2026-03-04T23:49:11.512+0000] {dag.py:3096} INFO - Sync 1 DAGs
[2026-03-04T23:49:11.523+0000] {logging_mixin.py:188} INFO - [2026-03-04T23:49:11.523+0000] {dag.py:3954} INFO - Setting next_dagrun for docker_etl_job to 2026-03-04 00:00:00+00:00, run_after=2026-03-05 00:00:00+00:00
[2026-03-04T23:49:11.530+0000] {processor.py:183} INFO - Processing /opt/airflow/dags/run_etl_dag.py took 0.056 seconds
[2026-03-04T23:49:41.655+0000] {processor.py:161} INFO - Started process (PID=213) to work on /opt/airflow/dags/run_etl_dag.py
[2026-03-04T23:49:41.655+0000] {processor.py:830} INFO - Processing file /opt/airflow/dags/run_etl_dag.py for tasks to queue
[2026-03-04T23:49:41.656+0000] {logging_mixin.py:188} INFO - [2026-03-04T23:49:41.656+0000] {dagbag.py:545} INFO - Filling up the DagBag from /opt/airflow/dags/run_etl_dag.py
[2026-03-04T23:49:41.662+0000] {processor.py:840} INFO - DAG(s) 'docker_etl_job' retrieved from /opt/airflow/dags/run_etl_dag.py
[2026-03-04T23:49:41.674+0000] {logging_mixin.py:188} INFO - [2026-03-04T23:49:41.674+0000] {dag.py:3096} INFO - Sync 1 DAGs
[2026-03-04T23:49:41.684+0000] {logging_mixin.py:188} INFO - [2026-03-04T23:49:41.684+0000] {dag.py:3954} INFO - Setting next_dagrun for docker_etl_job to 2026-03-04 00:00:00+00:00, run_after=2026-03-05 00:00:00+00:00
[2026-03-04T23:49:41.691+0000] {processor.py:183} INFO - Processing /opt/airflow/dags/run_etl_dag.py took 0.039 seconds
[2026-03-04T23:50:11.877+0000] {processor.py:161} INFO - Started process (PID=214) to work on /opt/airflow/dags/run_etl_dag.py
[2026-03-04T23:50:11.877+0000] {processor.py:830} INFO - Processing file /opt/airflow/dags/run_etl_dag.py for tasks to queue
[2026-03-04T23:50:11.879+0000] {logging_mixin.py:188} INFO - [2026-03-04T23:50:11.878+0000] {dagbag.py:545} INFO - Filling up the DagBag from /opt/airflow/dags/run_etl_dag.py
[2026-03-04T23:50:11.888+0000] {processor.py:840} INFO - DAG(s) 'docker_etl_job' retrieved from /opt/airflow/dags/run_etl_dag.py
[2026-03-04T23:50:11.904+0000] {logging_mixin.py:188} INFO - [2026-03-04T23:50:11.904+0000] {dag.py:3096} INFO - Sync 1 DAGs
[2026-03-04T23:50:11.916+0000] {logging_mixin.py:188} INFO - [2026-03-04T23:50:11.916+0000] {dag.py:3954} INFO - Setting next_dagrun for docker_etl_job to 2026-03-04 00:00:00+00:00, run_after=2026-03-05 00:00:00+00:00
[2026-03-04T23:50:11.924+0000] {processor.py:183} INFO - Processing /opt/airflow/dags/run_etl_dag.py took 0.052 seconds
[2026-03-04T23:50:42.046+0000] {processor.py:161} INFO - Started process (PID=222) to work on /opt/airflow/dags/run_etl_dag.py
[2026-03-04T23:50:42.047+0000] {processor.py:830} INFO - Processing file /opt/airflow/dags/run_etl_dag.py for tasks to queue
[2026-03-04T23:50:42.048+0000] {logging_mixin.py:188} INFO - [2026-03-04T23:50:42.048+0000] {dagbag.py:545} INFO - Filling up the DagBag from /opt/airflow/dags/run_etl_dag.py
[2026-03-04T23:50:42.053+0000] {processor.py:840} INFO - DAG(s) 'docker_etl_job' retrieved from /opt/airflow/dags/run_etl_dag.py
[2026-03-04T23:50:42.065+0000] {logging_mixin.py:188} INFO - [2026-03-04T23:50:42.065+0000] {dag.py:3096} INFO - Sync 1 DAGs
[2026-03-04T23:50:42.073+0000] {logging_mixin.py:188} INFO - [2026-03-04T23:50:42.073+0000] {dag.py:3954} INFO - Setting next_dagrun for docker_etl_job to 2026-03-04 00:00:00+00:00, run_after=2026-03-05 00:00:00+00:00
[2026-03-04T23:50:42.080+0000] {processor.py:183} INFO - Processing /opt/airflow/dags/run_etl_dag.py took 0.038 seconds
[2026-03-04T23:51:12.235+0000] {processor.py:161} INFO - Started process (PID=230) to work on /opt/airflow/dags/run_etl_dag.py
[2026-03-04T23:51:12.235+0000] {processor.py:830} INFO - Processing file /opt/airflow/dags/run_etl_dag.py for tasks to queue
[2026-03-04T23:51:12.236+0000] {logging_mixin.py:188} INFO - [2026-03-04T23:51:12.236+0000] {dagbag.py:545} INFO - Filling up the DagBag from /opt/airflow/dags/run_etl_dag.py
[2026-03-04T23:51:12.241+0000] {processor.py:840} INFO - DAG(s) 'docker_etl_job' retrieved from /opt/airflow/dags/run_etl_dag.py
[2026-03-04T23:51:12.252+0000] {logging_mixin.py:188} INFO - [2026-03-04T23:51:12.252+0000] {dag.py:3096} INFO - Sync 1 DAGs
[2026-03-04T23:51:12.261+0000] {logging_mixin.py:188} INFO - [2026-03-04T23:51:12.260+0000] {dag.py:3954} INFO - Setting next_dagrun for docker_etl_job to 2026-03-04 00:00:00+00:00, run_after=2026-03-05 00:00:00+00:00
[2026-03-04T23:51:12.268+0000] {processor.py:183} INFO - Processing /opt/airflow/dags/run_etl_dag.py took 0.036 seconds
[2026-03-04T23:51:42.448+0000] {processor.py:161} INFO - Started process (PID=238) to work on /opt/airflow/dags/run_etl_dag.py
[2026-03-04T23:51:42.451+0000] {processor.py:830} INFO - Processing file /opt/airflow/dags/run_etl_dag.py for tasks to queue
[2026-03-04T23:51:42.455+0000] {logging_mixin.py:188} INFO - [2026-03-04T23:51:42.455+0000] {dagbag.py:545} INFO - Filling up the DagBag from /opt/airflow/dags/run_etl_dag.py
[2026-03-04T23:51:42.466+0000] {processor.py:840} INFO - DAG(s) 'docker_etl_job' retrieved from /opt/airflow/dags/run_etl_dag.py
[2026-03-04T23:51:42.485+0000] {logging_mixin.py:188} INFO - [2026-03-04T23:51:42.485+0000] {dag.py:3096} INFO - Sync 1 DAGs
[2026-03-04T23:51:42.502+0000] {logging_mixin.py:188} INFO - [2026-03-04T23:51:42.502+0000] {dag.py:3954} INFO - Setting next_dagrun for docker_etl_job to 2026-03-04 00:00:00+00:00, run_after=2026-03-05 00:00:00+00:00
[2026-03-04T23:51:42.511+0000] {processor.py:183} INFO - Processing /opt/airflow/dags/run_etl_dag.py took 0.070 seconds
[2026-03-04T23:52:12.630+0000] {processor.py:161} INFO - Started process (PID=246) to work on /opt/airflow/dags/run_etl_dag.py
[2026-03-04T23:52:12.631+0000] {processor.py:830} INFO - Processing file /opt/airflow/dags/run_etl_dag.py for tasks to queue
[2026-03-04T23:52:12.633+0000] {logging_mixin.py:188} INFO - [2026-03-04T23:52:12.633+0000] {dagbag.py:545} INFO - Filling up the DagBag from /opt/airflow/dags/run_etl_dag.py
[2026-03-04T23:52:12.642+0000] {processor.py:840} INFO - DAG(s) 'docker_etl_job' retrieved from /opt/airflow/dags/run_etl_dag.py
[2026-03-04T23:52:12.661+0000] {logging_mixin.py:188} INFO - [2026-03-04T23:52:12.660+0000] {dag.py:3096} INFO - Sync 1 DAGs
[2026-03-04T23:52:12.675+0000] {logging_mixin.py:188} INFO - [2026-03-04T23:52:12.675+0000] {dag.py:3954} INFO - Setting next_dagrun for docker_etl_job to 2026-03-04 00:00:00+00:00, run_after=2026-03-05 00:00:00+00:00
[2026-03-04T23:52:12.684+0000] {processor.py:183} INFO - Processing /opt/airflow/dags/run_etl_dag.py took 0.058 seconds
[2026-03-04T23:52:42.824+0000] {processor.py:161} INFO - Started process (PID=254) to work on /opt/airflow/dags/run_etl_dag.py
[2026-03-04T23:52:42.826+0000] {processor.py:830} INFO - Processing file /opt/airflow/dags/run_etl_dag.py for tasks to queue
[2026-03-04T23:52:42.828+0000] {logging_mixin.py:188} INFO - [2026-03-04T23:52:42.827+0000] {dagbag.py:545} INFO - Filling up the DagBag from /opt/airflow/dags/run_etl_dag.py
[2026-03-04T23:52:42.837+0000] {processor.py:840} INFO - DAG(s) 'docker_etl_job' retrieved from /opt/airflow/dags/run_etl_dag.py
[2026-03-04T23:52:42.854+0000] {logging_mixin.py:188} INFO - [2026-03-04T23:52:42.854+0000] {dag.py:3096} INFO - Sync 1 DAGs
[2026-03-04T23:52:42.866+0000] {logging_mixin.py:188} INFO - [2026-03-04T23:52:42.866+0000] {dag.py:3954} INFO - Setting next_dagrun for docker_etl_job to 2026-03-04 00:00:00+00:00, run_after=2026-03-05 00:00:00+00:00
[2026-03-04T23:52:42.874+0000] {processor.py:183} INFO - Processing /opt/airflow/dags/run_etl_dag.py took 0.053 seconds
[2026-03-04T23:53:13.012+0000] {processor.py:161} INFO - Started process (PID=262) to work on /opt/airflow/dags/run_etl_dag.py
[2026-03-04T23:53:13.013+0000] {processor.py:830} INFO - Processing file /opt/airflow/dags/run_etl_dag.py for tasks to queue
[2026-03-04T23:53:13.016+0000] {logging_mixin.py:188} INFO - [2026-03-04T23:53:13.016+0000] {dagbag.py:545} INFO - Filling up the DagBag from /opt/airflow/dags/run_etl_dag.py
[2026-03-04T23:53:13.030+0000] {processor.py:840} INFO - DAG(s) 'docker_etl_job' retrieved from /opt/airflow/dags/run_etl_dag.py
[2026-03-04T23:53:13.055+0000] {logging_mixin.py:188} INFO - [2026-03-04T23:53:13.054+0000] {dag.py:3096} INFO - Sync 1 DAGs
[2026-03-04T23:53:13.068+0000] {logging_mixin.py:188} INFO - [2026-03-04T23:53:13.068+0000] {dag.py:3954} INFO - Setting next_dagrun for docker_etl_job to 2026-03-04 00:00:00+00:00, run_after=2026-03-05 00:00:00+00:00
[2026-03-04T23:53:13.078+0000] {processor.py:183} INFO - Processing /opt/airflow/dags/run_etl_dag.py took 0.075 seconds
[2026-03-04T23:53:43.180+0000] {processor.py:161} INFO - Started process (PID=270) to work on /opt/airflow/dags/run_etl_dag.py
[2026-03-04T23:53:43.182+0000] {processor.py:830} INFO - Processing file /opt/airflow/dags/run_etl_dag.py for tasks to queue
[2026-03-04T23:53:43.183+0000] {logging_mixin.py:188} INFO - [2026-03-04T23:53:43.183+0000] {dagbag.py:545} INFO - Filling up the DagBag from /opt/airflow/dags/run_etl_dag.py
[2026-03-04T23:53:43.194+0000] {processor.py:840} INFO - DAG(s) 'docker_etl_job' retrieved from /opt/airflow/dags/run_etl_dag.py
[2026-03-04T23:53:43.212+0000] {logging_mixin.py:188} INFO - [2026-03-04T23:53:43.211+0000] {dag.py:3096} INFO - Sync 1 DAGs
[2026-03-04T23:53:43.223+0000] {logging_mixin.py:188} INFO - [2026-03-04T23:53:43.223+0000] {dag.py:3954} INFO - Setting next_dagrun for docker_etl_job to 2026-03-04 00:00:00+00:00, run_after=2026-03-05 00:00:00+00:00
[2026-03-04T23:53:43.231+0000] {processor.py:183} INFO - Processing /opt/airflow/dags/run_etl_dag.py took 0.056 seconds
[2026-03-04T23:54:13.391+0000] {processor.py:161} INFO - Started process (PID=278) to work on /opt/airflow/dags/run_etl_dag.py
[2026-03-04T23:54:13.392+0000] {processor.py:830} INFO - Processing file /opt/airflow/dags/run_etl_dag.py for tasks to queue
[2026-03-04T23:54:13.393+0000] {logging_mixin.py:188} INFO - [2026-03-04T23:54:13.393+0000] {dagbag.py:545} INFO - Filling up the DagBag from /opt/airflow/dags/run_etl_dag.py
[2026-03-04T23:54:13.404+0000] {processor.py:840} INFO - DAG(s) 'docker_etl_job' retrieved from /opt/airflow/dags/run_etl_dag.py
[2026-03-04T23:54:13.419+0000] {logging_mixin.py:188} INFO - [2026-03-04T23:54:13.419+0000] {dag.py:3096} INFO - Sync 1 DAGs
[2026-03-04T23:54:13.430+0000] {logging_mixin.py:188} INFO - [2026-03-04T23:54:13.430+0000] {dag.py:3954} INFO - Setting next_dagrun for docker_etl_job to 2026-03-04 00:00:00+00:00, run_after=2026-03-05 00:00:00+00:00
[2026-03-04T23:54:13.438+0000] {processor.py:183} INFO - Processing /opt/airflow/dags/run_etl_dag.py took 0.051 seconds
[2026-03-04T23:54:43.555+0000] {processor.py:161} INFO - Started process (PID=286) to work on /opt/airflow/dags/run_etl_dag.py
[2026-03-04T23:54:43.555+0000] {processor.py:830} INFO - Processing file /opt/airflow/dags/run_etl_dag.py for tasks to queue
[2026-03-04T23:54:43.556+0000] {logging_mixin.py:188} INFO - [2026-03-04T23:54:43.556+0000] {dagbag.py:545} INFO - Filling up the DagBag from /opt/airflow/dags/run_etl_dag.py
[2026-03-04T23:54:43.564+0000] {processor.py:840} INFO - DAG(s) 'docker_etl_job' retrieved from /opt/airflow/dags/run_etl_dag.py
[2026-03-04T23:54:43.578+0000] {logging_mixin.py:188} INFO - [2026-03-04T23:54:43.578+0000] {dag.py:3096} INFO - Sync 1 DAGs
[2026-03-04T23:54:43.588+0000] {logging_mixin.py:188} INFO - [2026-03-04T23:54:43.588+0000] {dag.py:3954} INFO - Setting next_dagrun for docker_etl_job to 2026-03-04 00:00:00+00:00, run_after=2026-03-05 00:00:00+00:00
[2026-03-04T23:54:43.595+0000] {processor.py:183} INFO - Processing /opt/airflow/dags/run_etl_dag.py took 0.046 seconds
[2026-03-04T23:55:13.742+0000] {processor.py:161} INFO - Started process (PID=294) to work on /opt/airflow/dags/run_etl_dag.py
[2026-03-04T23:55:13.743+0000] {processor.py:830} INFO - Processing file /opt/airflow/dags/run_etl_dag.py for tasks to queue
[2026-03-04T23:55:13.744+0000] {logging_mixin.py:188} INFO - [2026-03-04T23:55:13.744+0000] {dagbag.py:545} INFO - Filling up the DagBag from /opt/airflow/dags/run_etl_dag.py
[2026-03-04T23:55:13.753+0000] {processor.py:840} INFO - DAG(s) 'docker_etl_job' retrieved from /opt/airflow/dags/run_etl_dag.py
[2026-03-04T23:55:13.768+0000] {logging_mixin.py:188} INFO - [2026-03-04T23:55:13.768+0000] {dag.py:3096} INFO - Sync 1 DAGs
[2026-03-04T23:55:13.778+0000] {logging_mixin.py:188} INFO - [2026-03-04T23:55:13.778+0000] {dag.py:3954} INFO - Setting next_dagrun for docker_etl_job to 2026-03-04 00:00:00+00:00, run_after=2026-03-05 00:00:00+00:00
[2026-03-04T23:55:13.786+0000] {processor.py:183} INFO - Processing /opt/airflow/dags/run_etl_dag.py took 0.047 seconds
[2026-03-04T23:55:43.893+0000] {processor.py:161} INFO - Started process (PID=303) to work on /opt/airflow/dags/run_etl_dag.py
[2026-03-04T23:55:43.893+0000] {processor.py:830} INFO - Processing file /opt/airflow/dags/run_etl_dag.py for tasks to queue
[2026-03-04T23:55:43.894+0000] {logging_mixin.py:188} INFO - [2026-03-04T23:55:43.894+0000] {dagbag.py:545} INFO - Filling up the DagBag from /opt/airflow/dags/run_etl_dag.py
[2026-03-04T23:55:43.902+0000] {processor.py:840} INFO - DAG(s) 'docker_etl_job' retrieved from /opt/airflow/dags/run_etl_dag.py
[2026-03-04T23:55:43.917+0000] {logging_mixin.py:188} INFO - [2026-03-04T23:55:43.916+0000] {dag.py:3096} INFO - Sync 1 DAGs
[2026-03-04T23:55:43.928+0000] {logging_mixin.py:188} INFO - [2026-03-04T23:55:43.928+0000] {dag.py:3954} INFO - Setting next_dagrun for docker_etl_job to 2026-03-04 00:00:00+00:00, run_after=2026-03-05 00:00:00+00:00
[2026-03-04T23:55:43.936+0000] {processor.py:183} INFO - Processing /opt/airflow/dags/run_etl_dag.py took 0.046 seconds
[2026-03-04T23:56:14.062+0000] {processor.py:161} INFO - Started process (PID=311) to work on /opt/airflow/dags/run_etl_dag.py
[2026-03-04T23:56:14.063+0000] {processor.py:830} INFO - Processing file /opt/airflow/dags/run_etl_dag.py for tasks to queue
[2026-03-04T23:56:14.064+0000] {logging_mixin.py:188} INFO - [2026-03-04T23:56:14.064+0000] {dagbag.py:545} INFO - Filling up the DagBag from /opt/airflow/dags/run_etl_dag.py
[2026-03-04T23:56:14.073+0000] {processor.py:840} INFO - DAG(s) 'docker_etl_job' retrieved from /opt/airflow/dags/run_etl_dag.py
[2026-03-04T23:56:14.088+0000] {logging_mixin.py:188} INFO - [2026-03-04T23:56:14.087+0000] {dag.py:3096} INFO - Sync 1 DAGs
[2026-03-04T23:56:14.098+0000] {logging_mixin.py:188} INFO - [2026-03-04T23:56:14.098+0000] {dag.py:3954} INFO - Setting next_dagrun for docker_etl_job to 2026-03-04 00:00:00+00:00, run_after=2026-03-05 00:00:00+00:00
[2026-03-04T23:56:14.106+0000] {processor.py:183} INFO - Processing /opt/airflow/dags/run_etl_dag.py took 0.048 seconds
[2026-03-04T23:56:44.227+0000] {processor.py:161} INFO - Started process (PID=319) to work on /opt/airflow/dags/run_etl_dag.py
[2026-03-04T23:56:44.228+0000] {processor.py:830} INFO - Processing file /opt/airflow/dags/run_etl_dag.py for tasks to queue
[2026-03-04T23:56:44.229+0000] {logging_mixin.py:188} INFO - [2026-03-04T23:56:44.229+0000] {dagbag.py:545} INFO - Filling up the DagBag from /opt/airflow/dags/run_etl_dag.py
[2026-03-04T23:56:44.237+0000] {processor.py:840} INFO - DAG(s) 'docker_etl_job' retrieved from /opt/airflow/dags/run_etl_dag.py
[2026-03-04T23:56:44.254+0000] {logging_mixin.py:188} INFO - [2026-03-04T23:56:44.253+0000] {dag.py:3096} INFO - Sync 1 DAGs
[2026-03-04T23:56:44.264+0000] {logging_mixin.py:188} INFO - [2026-03-04T23:56:44.264+0000] {dag.py:3954} INFO - Setting next_dagrun for docker_etl_job to 2026-03-04 00:00:00+00:00, run_after=2026-03-05 00:00:00+00:00
[2026-03-04T23:56:44.272+0000] {processor.py:183} INFO - Processing /opt/airflow/dags/run_etl_dag.py took 0.051 seconds
[2026-03-04T23:57:14.391+0000] {processor.py:161} INFO - Started process (PID=327) to work on /opt/airflow/dags/run_etl_dag.py
[2026-03-04T23:57:14.392+0000] {processor.py:830} INFO - Processing file /opt/airflow/dags/run_etl_dag.py for tasks to queue
[2026-03-04T23:57:14.394+0000] {logging_mixin.py:188} INFO - [2026-03-04T23:57:14.394+0000] {dagbag.py:545} INFO - Filling up the DagBag from /opt/airflow/dags/run_etl_dag.py
[2026-03-04T23:57:14.410+0000] {processor.py:840} INFO - DAG(s) 'docker_etl_job' retrieved from /opt/airflow/dags/run_etl_dag.py
[2026-03-04T23:57:14.426+0000] {logging_mixin.py:188} INFO - [2026-03-04T23:57:14.426+0000] {dag.py:3096} INFO - Sync 1 DAGs
[2026-03-04T23:57:14.438+0000] {logging_mixin.py:188} INFO - [2026-03-04T23:57:14.438+0000] {dag.py:3954} INFO - Setting next_dagrun for docker_etl_job to 2026-03-04 00:00:00+00:00, run_after=2026-03-05 00:00:00+00:00
[2026-03-04T23:57:14.450+0000] {processor.py:183} INFO - Processing /opt/airflow/dags/run_etl_dag.py took 0.063 seconds
[2026-03-04T23:57:44.562+0000] {processor.py:161} INFO - Started process (PID=335) to work on /opt/airflow/dags/run_etl_dag.py
[2026-03-04T23:57:44.563+0000] {processor.py:830} INFO - Processing file /opt/airflow/dags/run_etl_dag.py for tasks to queue
[2026-03-04T23:57:44.565+0000] {logging_mixin.py:188} INFO - [2026-03-04T23:57:44.565+0000] {dagbag.py:545} INFO - Filling up the DagBag from /opt/airflow/dags/run_etl_dag.py
[2026-03-04T23:57:44.577+0000] {processor.py:840} INFO - DAG(s) 'docker_etl_job' retrieved from /opt/airflow/dags/run_etl_dag.py
[2026-03-04T23:57:44.595+0000] {logging_mixin.py:188} INFO - [2026-03-04T23:57:44.595+0000] {dag.py:3096} INFO - Sync 1 DAGs
[2026-03-04T23:57:44.609+0000] {logging_mixin.py:188} INFO - [2026-03-04T23:57:44.609+0000] {dag.py:3954} INFO - Setting next_dagrun for docker_etl_job to 2026-03-04 00:00:00+00:00, run_after=2026-03-05 00:00:00+00:00
[2026-03-04T23:57:44.617+0000] {processor.py:183} INFO - Processing /opt/airflow/dags/run_etl_dag.py took 0.060 seconds
[2026-03-04T23:58:14.734+0000] {processor.py:161} INFO - Started process (PID=343) to work on /opt/airflow/dags/run_etl_dag.py
[2026-03-04T23:58:14.736+0000] {processor.py:830} INFO - Processing file /opt/airflow/dags/run_etl_dag.py for tasks to queue
[2026-03-04T23:58:14.737+0000] {logging_mixin.py:188} INFO - [2026-03-04T23:58:14.737+0000] {dagbag.py:545} INFO - Filling up the DagBag from /opt/airflow/dags/run_etl_dag.py
[2026-03-04T23:58:14.747+0000] {processor.py:840} INFO - DAG(s) 'docker_etl_job' retrieved from /opt/airflow/dags/run_etl_dag.py
[2026-03-04T23:58:14.765+0000] {logging_mixin.py:188} INFO - [2026-03-04T23:58:14.765+0000] {dag.py:3096} INFO - Sync 1 DAGs
[2026-03-04T23:58:14.777+0000] {logging_mixin.py:188} INFO - [2026-03-04T23:58:14.777+0000] {dag.py:3954} INFO - Setting next_dagrun for docker_etl_job to 2026-03-04 00:00:00+00:00, run_after=2026-03-05 00:00:00+00:00
[2026-03-04T23:58:14.786+0000] {processor.py:183} INFO - Processing /opt/airflow/dags/run_etl_dag.py took 0.057 seconds
[2026-03-04T23:58:44.909+0000] {processor.py:161} INFO - Started process (PID=351) to work on /opt/airflow/dags/run_etl_dag.py
[2026-03-04T23:58:44.910+0000] {processor.py:830} INFO - Processing file /opt/airflow/dags/run_etl_dag.py for tasks to queue
[2026-03-04T23:58:44.912+0000] {logging_mixin.py:188} INFO - [2026-03-04T23:58:44.911+0000] {dagbag.py:545} INFO - Filling up the DagBag from /opt/airflow/dags/run_etl_dag.py
[2026-03-04T23:58:44.923+0000] {processor.py:840} INFO - DAG(s) 'docker_etl_job' retrieved from /opt/airflow/dags/run_etl_dag.py
[2026-03-04T23:58:44.937+0000] {logging_mixin.py:188} INFO - [2026-03-04T23:58:44.937+0000] {dag.py:3096} INFO - Sync 1 DAGs
[2026-03-04T23:58:44.946+0000] {logging_mixin.py:188} INFO - [2026-03-04T23:58:44.946+0000] {dag.py:3954} INFO - Setting next_dagrun for docker_etl_job to 2026-03-04 00:00:00+00:00, run_after=2026-03-05 00:00:00+00:00
[2026-03-04T23:58:44.954+0000] {processor.py:183} INFO - Processing /opt/airflow/dags/run_etl_dag.py took 0.049 seconds
[2026-03-04T23:59:15.123+0000] {processor.py:161} INFO - Started process (PID=359) to work on /opt/airflow/dags/run_etl_dag.py
[2026-03-04T23:59:15.124+0000] {processor.py:830} INFO - Processing file /opt/airflow/dags/run_etl_dag.py for tasks to queue
[2026-03-04T23:59:15.125+0000] {logging_mixin.py:188} INFO - [2026-03-04T23:59:15.125+0000] {dagbag.py:545} INFO - Filling up the DagBag from /opt/airflow/dags/run_etl_dag.py
[2026-03-04T23:59:15.133+0000] {processor.py:840} INFO - DAG(s) 'docker_etl_job' retrieved from /opt/airflow/dags/run_etl_dag.py
[2026-03-04T23:59:15.148+0000] {logging_mixin.py:188} INFO - [2026-03-04T23:59:15.148+0000] {dag.py:3096} INFO - Sync 1 DAGs
[2026-03-04T23:59:15.159+0000] {logging_mixin.py:188} INFO - [2026-03-04T23:59:15.159+0000] {dag.py:3954} INFO - Setting next_dagrun for docker_etl_job to 2026-03-04 00:00:00+00:00, run_after=2026-03-05 00:00:00+00:00
[2026-03-04T23:59:15.166+0000] {processor.py:183} INFO - Processing /opt/airflow/dags/run_etl_dag.py took 0.047 seconds
[2026-03-04T23:59:45.314+0000] {processor.py:161} INFO - Started process (PID=367) to work on /opt/airflow/dags/run_etl_dag.py
[2026-03-04T23:59:45.315+0000] {processor.py:830} INFO - Processing file /opt/airflow/dags/run_etl_dag.py for tasks to queue
[2026-03-04T23:59:45.317+0000] {logging_mixin.py:188} INFO - [2026-03-04T23:59:45.316+0000] {dagbag.py:545} INFO - Filling up the DagBag from /opt/airflow/dags/run_etl_dag.py
[2026-03-04T23:59:45.326+0000] {processor.py:840} INFO - DAG(s) 'docker_etl_job' retrieved from /opt/airflow/dags/run_etl_dag.py
[2026-03-04T23:59:45.343+0000] {logging_mixin.py:188} INFO - [2026-03-04T23:59:45.343+0000] {dag.py:3096} INFO - Sync 1 DAGs
[2026-03-04T23:59:45.356+0000] {logging_mixin.py:188} INFO - [2026-03-04T23:59:45.356+0000] {dag.py:3954} INFO - Setting next_dagrun for docker_etl_job to 2026-03-04 00:00:00+00:00, run_after=2026-03-05 00:00:00+00:00
[2026-03-04T23:59:45.364+0000] {processor.py:183} INFO - Processing /opt/airflow/dags/run_etl_dag.py took 0.055 seconds
