[2026-02-18T00:09:15.499+0000] {local_task_job_runner.py:120} INFO - ::group::Pre task execution logs
[2026-02-18T00:09:15.591+0000] {taskinstance.py:2076} INFO - Dependencies all met for dep_context=non-requeueable deps ti=<TaskInstance: docker_etl_job.execute_etl scheduled__2026-02-17T00:00:00+00:00 [queued]>
[2026-02-18T00:09:15.610+0000] {taskinstance.py:2076} INFO - Dependencies all met for dep_context=requeueable deps ti=<TaskInstance: docker_etl_job.execute_etl scheduled__2026-02-17T00:00:00+00:00 [queued]>
[2026-02-18T00:09:15.612+0000] {taskinstance.py:2306} INFO - Starting attempt 1 of 1
[2026-02-18T00:09:15.641+0000] {taskinstance.py:2330} INFO - Executing <Task(DockerOperator): execute_etl> on 2026-02-17 00:00:00+00:00
[2026-02-18T00:09:15.676+0000] {standard_task_runner.py:90} INFO - Running: ['***', 'tasks', 'run', 'docker_etl_job', 'execute_etl', 'scheduled__2026-02-17T00:00:00+00:00', '--job-id', '18', '--raw', '--subdir', 'DAGS_FOLDER/run_etl_dag.py', '--cfg-path', '/tmp/tmpg0y78kgm']
[2026-02-18T00:09:15.679+0000] {standard_task_runner.py:91} INFO - Job 18: Subtask execute_etl
[2026-02-18T00:09:15.674+0000] {warnings.py:112} WARNING - /home/***/.local/lib/python3.12/site-packages/***/task/task_runner/standard_task_runner.py:61: DeprecationWarning: This process (pid=16710) is multi-threaded, use of fork() may lead to deadlocks in the child.
  pid = os.fork()

[2026-02-18T00:09:15.683+0000] {standard_task_runner.py:63} INFO - Started process 16711 to run task
[2026-02-18T00:09:15.871+0000] {task_command.py:426} INFO - Running <TaskInstance: docker_etl_job.execute_etl scheduled__2026-02-17T00:00:00+00:00 [running]> on host 65b0face19aa
[2026-02-18T00:09:16.254+0000] {taskinstance.py:2648} INFO - Exporting env vars: AIRFLOW_CTX_DAG_OWNER='***' AIRFLOW_CTX_DAG_ID='docker_etl_job' AIRFLOW_CTX_TASK_ID='execute_etl' AIRFLOW_CTX_EXECUTION_DATE='2026-02-17T00:00:00+00:00' AIRFLOW_CTX_TRY_NUMBER='1' AIRFLOW_CTX_DAG_RUN_ID='scheduled__2026-02-17T00:00:00+00:00'
[2026-02-18T00:09:16.259+0000] {taskinstance.py:430} INFO - ::endgroup::
[2026-02-18T00:09:16.764+0000] {docker.py:366} INFO - Starting docker container from image my_etl_image:latest
[2026-02-18T00:09:16.836+0000] {docker.py:374} WARNING - Using remote engine or docker-in-docker and mounting temporary volume from host is not supported. Falling back to `mount_tmp_dir=False` mode. You can set `mount_tmp_dir` parameter to False to disable mounting and remove the warning
[2026-02-18T00:09:22.550+0000] {docker.py:436} INFO - Ждем пока Kafka запустится...
[2026-02-18T00:09:37.602+0000] {docker.py:436} INFO - ✅ Подключение к Mongo и Kafka установлено
[2026-02-18T00:09:37.605+0000] {docker.py:436} INFO - 🚀 Начинаю отправку коллекции: customers
[2026-02-18T00:09:37.744+0000] {docker.py:436} INFO - --- Завершено: customers. Отправлено документов: 45
[2026-02-18T00:09:37.745+0000] {docker.py:436} INFO - 🚀 Начинаю отправку коллекции: products
[2026-02-18T00:09:37.823+0000] {docker.py:436} INFO - --- Завершено: products. Отправлено документов: 100
🚀 Начинаю отправку коллекции: stores
[2026-02-18T00:09:37.920+0000] {docker.py:436} INFO - --- Завершено: stores. Отправлено документов: 45
🚀 Начинаю отправку коллекции: purchases
[2026-02-18T00:09:38.089+0000] {docker.py:436} INFO - --- Завершено: purchases. Отправлено документов: 200

🎯 Миграция окончена! Всего сообщений в Kafka: 390
[2026-02-18T00:27:35.288+0000] {taskinstance.py:441} INFO - ::group::Post task execution logs
[2026-02-18T00:27:35.592+0000] {taskinstance.py:1206} INFO - Marking task as SUCCESS. dag_id=docker_etl_job, task_id=execute_etl, run_id=scheduled__2026-02-17T00:00:00+00:00, execution_date=20260217T000000, start_date=20260218T000915, end_date=20260218T002735
[2026-02-18T00:27:35.749+0000] {local_task_job_runner.py:240} INFO - Task exited with return code 0
[2026-02-18T00:27:35.862+0000] {taskinstance.py:3503} INFO - 0 downstream tasks scheduled from follow-on schedule check
[2026-02-18T00:27:35.875+0000] {local_task_job_runner.py:222} INFO - ::endgroup::
