[2026-03-12T12:55:16.173+0000] {local_task_job_runner.py:120} INFO - ::group::Pre task execution logs
[2026-03-12T12:55:16.198+0000] {taskinstance.py:2076} INFO - Dependencies all met for dep_context=non-requeueable deps ti=<TaskInstance: docker_etl_job.execute_etl manual__2026-03-12T12:55:14.598273+00:00 [queued]>
[2026-03-12T12:55:16.203+0000] {taskinstance.py:2076} INFO - Dependencies all met for dep_context=requeueable deps ti=<TaskInstance: docker_etl_job.execute_etl manual__2026-03-12T12:55:14.598273+00:00 [queued]>
[2026-03-12T12:55:16.204+0000] {taskinstance.py:2306} INFO - Starting attempt 1 of 1
[2026-03-12T12:55:16.212+0000] {taskinstance.py:2330} INFO - Executing <Task(DockerOperator): execute_etl> on 2026-03-12 12:55:14.598273+00:00
[2026-03-12T12:55:16.221+0000] {warnings.py:112} WARNING - /home/***/.local/lib/python3.12/site-packages/***/task/task_runner/standard_task_runner.py:61: DeprecationWarning: This process (pid=397) is multi-threaded, use of fork() may lead to deadlocks in the child.
  pid = os.fork()

[2026-03-12T12:55:16.223+0000] {standard_task_runner.py:63} INFO - Started process 398 to run task
[2026-03-12T12:55:16.223+0000] {standard_task_runner.py:90} INFO - Running: ['***', 'tasks', 'run', 'docker_etl_job', 'execute_etl', 'manual__2026-03-12T12:55:14.598273+00:00', '--job-id', '31', '--raw', '--subdir', 'DAGS_FOLDER/run_etl_dag.py', '--cfg-path', '/tmp/tmpbpj9zryc']
[2026-03-12T12:55:16.224+0000] {standard_task_runner.py:91} INFO - Job 31: Subtask execute_etl
[2026-03-12T12:55:16.258+0000] {task_command.py:426} INFO - Running <TaskInstance: docker_etl_job.execute_etl manual__2026-03-12T12:55:14.598273+00:00 [running]> on host 65b0face19aa
[2026-03-12T12:55:16.362+0000] {taskinstance.py:2648} INFO - Exporting env vars: AIRFLOW_CTX_DAG_OWNER='***' AIRFLOW_CTX_DAG_ID='docker_etl_job' AIRFLOW_CTX_TASK_ID='execute_etl' AIRFLOW_CTX_EXECUTION_DATE='2026-03-12T12:55:14.598273+00:00' AIRFLOW_CTX_TRY_NUMBER='1' AIRFLOW_CTX_DAG_RUN_ID='manual__2026-03-12T12:55:14.598273+00:00'
[2026-03-12T12:55:16.364+0000] {taskinstance.py:430} INFO - ::endgroup::
[2026-03-12T12:55:16.777+0000] {docker.py:366} INFO - Starting docker container from image my_etl_image:latest
[2026-03-12T12:55:16.799+0000] {docker.py:374} WARNING - Using remote engine or docker-in-docker and mounting temporary volume from host is not supported. Falling back to `mount_tmp_dir=False` mode. You can set `mount_tmp_dir` parameter to False to disable mounting and remove the warning
[2026-03-12T12:55:20.562+0000] {docker.py:436} INFO - Ждем пока Kafka запустится...
[2026-03-12T12:55:35.666+0000] {docker.py:436} INFO - ✅ Подключение к Mongo и Kafka установлено
[2026-03-12T12:55:35.679+0000] {docker.py:436} INFO - 🚀 Начинаю отправку коллекции: customers
[2026-03-12T12:55:35.808+0000] {docker.py:436} INFO - --- Завершено: customers. Отправлено документов: 45
🚀 Начинаю отправку коллекции: products
[2026-03-12T12:55:35.984+0000] {docker.py:436} INFO - --- Завершено: products. Отправлено документов: 100
🚀 Начинаю отправку коллекции: stores
[2026-03-12T12:55:36.042+0000] {docker.py:436} INFO - --- Завершено: stores. Отправлено документов: 45
🚀 Начинаю отправку коллекции: purchases
[2026-03-12T12:55:36.270+0000] {docker.py:436} INFO - --- Завершено: purchases. Отправлено документов: 200

🎯 Миграция окончена! Всего сообщений в Kafka: 390
[2026-03-12T12:55:38.270+0000] {taskinstance.py:441} INFO - ::group::Post task execution logs
[2026-03-12T12:55:38.518+0000] {taskinstance.py:1206} INFO - Marking task as SUCCESS. dag_id=docker_etl_job, task_id=execute_etl, run_id=manual__2026-03-12T12:55:14.598273+00:00, execution_date=20260312T125514, start_date=20260312T125516, end_date=20260312T125538
[2026-03-12T12:55:38.764+0000] {local_task_job_runner.py:240} INFO - Task exited with return code 0
[2026-03-12T12:55:39.305+0000] {taskinstance.py:3503} INFO - 0 downstream tasks scheduled from follow-on schedule check
[2026-03-12T12:55:39.323+0000] {local_task_job_runner.py:222} INFO - ::endgroup::
