[2026-03-12T14:24:48.474+0000] {local_task_job_runner.py:120} INFO - ::group::Pre task execution logs
[2026-03-12T14:24:48.502+0000] {taskinstance.py:2076} INFO - Dependencies all met for dep_context=non-requeueable deps ti=<TaskInstance: docker_etl_job.execute_etl manual__2026-03-12T14:24:46.581537+00:00 [queued]>
[2026-03-12T14:24:48.508+0000] {taskinstance.py:2076} INFO - Dependencies all met for dep_context=requeueable deps ti=<TaskInstance: docker_etl_job.execute_etl manual__2026-03-12T14:24:46.581537+00:00 [queued]>
[2026-03-12T14:24:48.508+0000] {taskinstance.py:2306} INFO - Starting attempt 1 of 1
[2026-03-12T14:24:48.516+0000] {taskinstance.py:2330} INFO - Executing <Task(DockerOperator): execute_etl> on 2026-03-12 14:24:46.581537+00:00
[2026-03-12T14:24:48.529+0000] {warnings.py:112} WARNING - /home/***/.local/lib/python3.12/site-packages/***/task/task_runner/standard_task_runner.py:61: DeprecationWarning: This process (pid=1567) is multi-threaded, use of fork() may lead to deadlocks in the child.
  pid = os.fork()

[2026-03-12T14:24:48.530+0000] {standard_task_runner.py:90} INFO - Running: ['***', 'tasks', 'run', 'docker_etl_job', 'execute_etl', 'manual__2026-03-12T14:24:46.581537+00:00', '--job-id', '32', '--raw', '--subdir', 'DAGS_FOLDER/run_etl_dag.py', '--cfg-path', '/tmp/tmptndmnlea']
[2026-03-12T14:24:48.531+0000] {standard_task_runner.py:91} INFO - Job 32: Subtask execute_etl
[2026-03-12T14:24:48.531+0000] {standard_task_runner.py:63} INFO - Started process 1568 to run task
[2026-03-12T14:24:48.578+0000] {task_command.py:426} INFO - Running <TaskInstance: docker_etl_job.execute_etl manual__2026-03-12T14:24:46.581537+00:00 [running]> on host 65b0face19aa
[2026-03-12T14:24:48.652+0000] {taskinstance.py:2648} INFO - Exporting env vars: AIRFLOW_CTX_DAG_OWNER='***' AIRFLOW_CTX_DAG_ID='docker_etl_job' AIRFLOW_CTX_TASK_ID='execute_etl' AIRFLOW_CTX_EXECUTION_DATE='2026-03-12T14:24:46.581537+00:00' AIRFLOW_CTX_TRY_NUMBER='1' AIRFLOW_CTX_DAG_RUN_ID='manual__2026-03-12T14:24:46.581537+00:00'
[2026-03-12T14:24:48.653+0000] {taskinstance.py:430} INFO - ::endgroup::
[2026-03-12T14:24:48.772+0000] {docker.py:366} INFO - Starting docker container from image my_etl_image:latest
[2026-03-12T14:24:48.791+0000] {docker.py:374} WARNING - Using remote engine or docker-in-docker and mounting temporary volume from host is not supported. Falling back to `mount_tmp_dir=False` mode. You can set `mount_tmp_dir` parameter to False to disable mounting and remove the warning
[2026-03-12T14:24:50.057+0000] {docker.py:436} INFO - Ждем пока Kafka запустится...
[2026-03-12T14:25:05.117+0000] {docker.py:436} INFO - ✅ Подключение к Mongo и Kafka установлено
[2026-03-12T14:25:05.122+0000] {docker.py:436} INFO - 🚀 Начинаю отправку коллекции: customers
[2026-03-12T14:25:05.488+0000] {docker.py:436} INFO - --- Завершено: customers. Отправлено документов: 45
🚀 Начинаю отправку коллекции: products
[2026-03-12T14:25:05.565+0000] {docker.py:436} INFO - --- Завершено: products. Отправлено документов: 100
🚀 Начинаю отправку коллекции: stores
[2026-03-12T14:25:05.726+0000] {docker.py:436} INFO - --- Завершено: stores. Отправлено документов: 45
🚀 Начинаю отправку коллекции: purchases
[2026-03-12T14:25:05.901+0000] {docker.py:436} INFO - --- Завершено: purchases. Отправлено документов: 200

🎯 Миграция окончена! Всего сообщений в Kafka: 390
[2026-03-12T14:25:10.453+0000] {taskinstance.py:441} INFO - ::group::Post task execution logs
[2026-03-12T14:25:11.107+0000] {taskinstance.py:1206} INFO - Marking task as SUCCESS. dag_id=docker_etl_job, task_id=execute_etl, run_id=manual__2026-03-12T14:24:46.581537+00:00, execution_date=20260312T142446, start_date=20260312T142448, end_date=20260312T142511
[2026-03-12T14:25:11.239+0000] {local_task_job_runner.py:240} INFO - Task exited with return code 0
[2026-03-12T14:25:11.301+0000] {taskinstance.py:3503} INFO - 0 downstream tasks scheduled from follow-on schedule check
[2026-03-12T14:25:11.307+0000] {local_task_job_runner.py:222} INFO - ::endgroup::
