[2026-03-04T23:39:12.529+0000] {local_task_job_runner.py:120} INFO - ::group::Pre task execution logs
[2026-03-04T23:39:12.565+0000] {taskinstance.py:2076} INFO - Dependencies all met for dep_context=non-requeueable deps ti=<TaskInstance: docker_etl_job.execute_etl scheduled__2026-02-21T00:00:00+00:00 [queued]>
[2026-03-04T23:39:12.575+0000] {taskinstance.py:2076} INFO - Dependencies all met for dep_context=requeueable deps ti=<TaskInstance: docker_etl_job.execute_etl scheduled__2026-02-21T00:00:00+00:00 [queued]>
[2026-03-04T23:39:12.576+0000] {taskinstance.py:2306} INFO - Starting attempt 1 of 1
[2026-03-04T23:39:12.590+0000] {taskinstance.py:2330} INFO - Executing <Task(DockerOperator): execute_etl> on 2026-02-21 00:00:00+00:00
[2026-03-04T23:39:12.595+0000] {warnings.py:112} WARNING - /home/***/.local/lib/python3.12/site-packages/***/task/task_runner/standard_task_runner.py:61: DeprecationWarning: This process (pid=68) is multi-threaded, use of fork() may lead to deadlocks in the child.
  pid = os.fork()

[2026-03-04T23:39:12.596+0000] {standard_task_runner.py:63} INFO - Started process 70 to run task
[2026-03-04T23:39:12.597+0000] {standard_task_runner.py:90} INFO - Running: ['***', 'tasks', 'run', 'docker_etl_job', 'execute_etl', 'scheduled__2026-02-21T00:00:00+00:00', '--job-id', '24', '--raw', '--subdir', 'DAGS_FOLDER/run_etl_dag.py', '--cfg-path', '/tmp/tmpfmvby71s']
[2026-03-04T23:39:12.598+0000] {standard_task_runner.py:91} INFO - Job 24: Subtask execute_etl
[2026-03-04T23:39:12.643+0000] {task_command.py:426} INFO - Running <TaskInstance: docker_etl_job.execute_etl scheduled__2026-02-21T00:00:00+00:00 [running]> on host 65b0face19aa
[2026-03-04T23:39:12.713+0000] {taskinstance.py:2648} INFO - Exporting env vars: AIRFLOW_CTX_DAG_OWNER='***' AIRFLOW_CTX_DAG_ID='docker_etl_job' AIRFLOW_CTX_TASK_ID='execute_etl' AIRFLOW_CTX_EXECUTION_DATE='2026-02-21T00:00:00+00:00' AIRFLOW_CTX_TRY_NUMBER='1' AIRFLOW_CTX_DAG_RUN_ID='scheduled__2026-02-21T00:00:00+00:00'
[2026-03-04T23:39:12.713+0000] {taskinstance.py:430} INFO - ::endgroup::
[2026-03-04T23:39:12.817+0000] {docker.py:366} INFO - Starting docker container from image my_etl_image:latest
[2026-03-04T23:39:12.838+0000] {docker.py:374} WARNING - Using remote engine or docker-in-docker and mounting temporary volume from host is not supported. Falling back to `mount_tmp_dir=False` mode. You can set `mount_tmp_dir` parameter to False to disable mounting and remove the warning
[2026-03-04T23:39:14.287+0000] {docker.py:436} INFO - Ждем пока Kafka запустится...
[2026-03-04T23:39:31.310+0000] {docker.py:436} INFO - ❌ Ошибка подключения: NoBrokersAvailable
[2026-03-04T23:39:31.697+0000] {taskinstance.py:441} INFO - ::group::Post task execution logs
[2026-03-04T23:39:31.751+0000] {taskinstance.py:1206} INFO - Marking task as SUCCESS. dag_id=docker_etl_job, task_id=execute_etl, run_id=scheduled__2026-02-21T00:00:00+00:00, execution_date=20260221T000000, start_date=20260304T233912, end_date=20260304T233931
[2026-03-04T23:39:31.814+0000] {local_task_job_runner.py:240} INFO - Task exited with return code 0
[2026-03-04T23:39:31.843+0000] {taskinstance.py:3503} INFO - 0 downstream tasks scheduled from follow-on schedule check
[2026-03-04T23:39:31.849+0000] {local_task_job_runner.py:222} INFO - ::endgroup::
