[2026-02-16T05:16:40.695+0000] {local_task_job_runner.py:120} INFO - ::group::Pre task execution logs
[2026-02-16T05:16:40.723+0000] {taskinstance.py:2076} INFO - Dependencies all met for dep_context=non-requeueable deps ti=<TaskInstance: docker_etl_job.execute_etl manual__2026-02-16T05:16:39.116560+00:00 [queued]>
[2026-02-16T05:16:40.730+0000] {taskinstance.py:2076} INFO - Dependencies all met for dep_context=requeueable deps ti=<TaskInstance: docker_etl_job.execute_etl manual__2026-02-16T05:16:39.116560+00:00 [queued]>
[2026-02-16T05:16:40.730+0000] {taskinstance.py:2306} INFO - Starting attempt 1 of 1
[2026-02-16T05:16:40.741+0000] {taskinstance.py:2330} INFO - Executing <Task(DockerOperator): execute_etl> on 2026-02-16 05:16:39.116560+00:00
[2026-02-16T05:16:40.755+0000] {warnings.py:112} WARNING - /home/***/.local/lib/python3.12/site-packages/***/task/task_runner/standard_task_runner.py:61: DeprecationWarning: This process (pid=819) is multi-threaded, use of fork() may lead to deadlocks in the child.
  pid = os.fork()

[2026-02-16T05:16:40.757+0000] {standard_task_runner.py:90} INFO - Running: ['***', 'tasks', 'run', 'docker_etl_job', 'execute_etl', 'manual__2026-02-16T05:16:39.116560+00:00', '--job-id', '16', '--raw', '--subdir', 'DAGS_FOLDER/run_etl_dag.py', '--cfg-path', '/tmp/tmpo0icsnfk']
[2026-02-16T05:16:40.759+0000] {standard_task_runner.py:91} INFO - Job 16: Subtask execute_etl
[2026-02-16T05:16:40.758+0000] {standard_task_runner.py:63} INFO - Started process 820 to run task
[2026-02-16T05:16:40.821+0000] {task_command.py:426} INFO - Running <TaskInstance: docker_etl_job.execute_etl manual__2026-02-16T05:16:39.116560+00:00 [running]> on host 65b0face19aa
[2026-02-16T05:16:40.891+0000] {taskinstance.py:2648} INFO - Exporting env vars: AIRFLOW_CTX_DAG_OWNER='***' AIRFLOW_CTX_DAG_ID='docker_etl_job' AIRFLOW_CTX_TASK_ID='execute_etl' AIRFLOW_CTX_EXECUTION_DATE='2026-02-16T05:16:39.116560+00:00' AIRFLOW_CTX_TRY_NUMBER='1' AIRFLOW_CTX_DAG_RUN_ID='manual__2026-02-16T05:16:39.116560+00:00'
[2026-02-16T05:16:40.892+0000] {taskinstance.py:430} INFO - ::endgroup::
[2026-02-16T05:16:40.974+0000] {docker.py:366} INFO - Starting docker container from image my_etl_image:latest
[2026-02-16T05:16:40.983+0000] {docker.py:374} WARNING - Using remote engine or docker-in-docker and mounting temporary volume from host is not supported. Falling back to `mount_tmp_dir=False` mode. You can set `mount_tmp_dir` parameter to False to disable mounting and remove the warning
[2026-02-16T05:16:41.564+0000] {docker.py:436} INFO - Ждем пока Kafka запустится...
[2026-02-16T05:16:56.615+0000] {docker.py:436} INFO - ✅ Подключение к Mongo и Kafka установлено
[2026-02-16T05:16:56.621+0000] {docker.py:436} INFO - 🚀 Начинаю отправку коллекции: customers
[2026-02-16T05:16:56.732+0000] {docker.py:436} INFO - --- Завершено: customers. Отправлено документов: 45
[2026-02-16T05:16:56.733+0000] {docker.py:436} INFO - 🚀 Начинаю отправку коллекции: products
[2026-02-16T05:16:56.841+0000] {docker.py:436} INFO - --- Завершено: products. Отправлено документов: 100
🚀 Начинаю отправку коллекции: stores
[2026-02-16T05:16:56.940+0000] {docker.py:436} INFO - --- Завершено: stores. Отправлено документов: 45
🚀 Начинаю отправку коллекции: purchases
[2026-02-16T05:16:57.105+0000] {docker.py:436} INFO - --- Завершено: purchases. Отправлено документов: 200

🎯 Миграция окончена! Всего сообщений в Kafka: 390
[2026-02-16T05:16:57.962+0000] {taskinstance.py:441} INFO - ::group::Post task execution logs
[2026-02-16T05:16:58.359+0000] {taskinstance.py:1206} INFO - Marking task as SUCCESS. dag_id=docker_etl_job, task_id=execute_etl, run_id=manual__2026-02-16T05:16:39.116560+00:00, execution_date=20260216T051639, start_date=20260216T051640, end_date=20260216T051658
[2026-02-16T05:16:58.505+0000] {local_task_job_runner.py:240} INFO - Task exited with return code 0
[2026-02-16T05:16:58.597+0000] {taskinstance.py:3503} INFO - 0 downstream tasks scheduled from follow-on schedule check
[2026-02-16T05:16:58.601+0000] {local_task_job_runner.py:222} INFO - ::endgroup::
